TN:
SF:src\FigureCalculator.js
FN:2,(anonymous_0)
FN:6,(anonymous_1)
FN:20,(anonymous_2)
FN:33,(anonymous_3)
FN:46,(anonymous_4)
FNF:5
FNH:5
FNDA:13,(anonymous_0)
FNDA:9,(anonymous_1)
FNDA:8,(anonymous_2)
FNDA:8,(anonymous_3)
FNDA:9,(anonymous_4)
DA:3,13
DA:7,9
DA:8,3
DA:11,6
DA:13,6
DA:14,3
DA:17,3
DA:21,8
DA:22,3
DA:25,5
DA:27,5
DA:28,2
DA:31,3
DA:34,8
DA:35,3
DA:38,5
DA:40,5
DA:41,2
DA:44,3
DA:47,9
DA:48,3
DA:51,6
DA:53,6
DA:54,3
DA:57,3
DA:61,1
LF:26
LH:26
BRDA:7,0,0,3
BRDA:7,0,1,6
BRDA:13,1,0,3
BRDA:13,1,1,3
BRDA:13,2,0,6
BRDA:13,2,1,3
BRDA:21,3,0,3
BRDA:21,3,1,5
BRDA:27,4,0,2
BRDA:27,4,1,3
BRDA:27,5,0,5
BRDA:27,5,1,3
BRDA:34,6,0,3
BRDA:34,6,1,5
BRDA:40,7,0,2
BRDA:40,7,1,3
BRDA:40,8,0,5
BRDA:40,8,1,3
BRDA:40,8,2,3
BRDA:47,9,0,3
BRDA:47,9,1,6
BRDA:53,10,0,3
BRDA:53,10,1,3
BRDA:53,11,0,6
BRDA:53,11,1,3
BRF:25
BRH:25
end_of_record
TN:
SF:src\MathBasic.js
FN:2,(anonymous_0)
FN:15,(anonymous_1)
FN:28,(anonymous_2)
FN:41,(anonymous_3)
FNF:4
FNH:4
FNDA:11,(anonymous_0)
FNDA:11,(anonymous_1)
FNDA:10,(anonymous_2)
FNDA:10,(anonymous_3)
DA:1,2
DA:3,11
DA:4,4
DA:7,7
DA:9,7
DA:10,3
DA:13,4
DA:16,11
DA:17,4
DA:20,7
DA:22,7
DA:23,3
DA:26,4
DA:29,10
DA:30,4
DA:33,6
DA:35,6
DA:36,3
DA:39,3
DA:42,10
DA:43,4
DA:46,6
DA:48,6
DA:49,3
DA:52,3
DA:56,2
LF:26
LH:26
BRDA:3,0,0,4
BRDA:3,0,1,7
BRDA:3,1,0,11
BRDA:3,1,1,9
BRDA:9,2,0,3
BRDA:9,2,1,4
BRDA:9,3,0,7
BRDA:9,3,1,4
BRDA:16,4,0,4
BRDA:16,4,1,7
BRDA:16,5,0,11
BRDA:16,5,1,9
BRDA:22,6,0,3
BRDA:22,6,1,4
BRDA:22,7,0,7
BRDA:22,7,1,4
BRDA:29,8,0,4
BRDA:29,8,1,6
BRDA:29,9,0,10
BRDA:29,9,1,8
BRDA:35,10,0,3
BRDA:35,10,1,3
BRDA:35,11,0,6
BRDA:35,11,1,3
BRDA:42,12,0,4
BRDA:42,12,1,6
BRDA:42,13,0,10
BRDA:42,13,1,8
BRDA:48,14,0,3
BRDA:48,14,1,3
BRDA:48,15,0,6
BRDA:48,15,1,3
BRF:32
BRH:32
end_of_record
TN:
SF:src\createServer.js
FN:3,(anonymous_0)
FN:13,(anonymous_1)
FN:22,(anonymous_2)
FNF:3
FNH:3
FNDA:2,(anonymous_0)
FNDA:1,(anonymous_1)
FNDA:1,(anonymous_2)
DA:1,1
DA:3,1
DA:4,2
DA:9,2
DA:14,1
DA:15,1
DA:16,1
DA:23,1
DA:24,1
DA:25,1
DA:30,2
DA:33,1
LF:12
LH:12
BRF:0
BRH:0
end_of_record
