TN:
SF:src\MathBasic.js
FN:2,(anonymous_0)
FN:15,(anonymous_1)
FN:29,multiply
FN:32,(anonymous_3)
FNF:4
FNH:2
FNDA:10,(anonymous_0)
FNDA:10,(anonymous_1)
FNDA:0,multiply
FNDA:0,(anonymous_3)
DA:1,1
DA:3,10
DA:4,4
DA:7,6
DA:9,6
DA:10,3
DA:13,3
DA:16,10
DA:17,4
DA:20,6
DA:22,6
DA:23,3
DA:26,3
DA:37,1
LF:14
LH:14
BRDA:3,0,0,4
BRDA:3,0,1,6
BRDA:3,1,0,10
BRDA:3,1,1,8
BRDA:9,2,0,3
BRDA:9,2,1,3
BRDA:9,3,0,6
BRDA:9,3,1,3
BRDA:16,4,0,4
BRDA:16,4,1,6
BRDA:16,5,0,10
BRDA:16,5,1,8
BRDA:22,6,0,3
BRDA:22,6,1,3
BRDA:22,7,0,6
BRDA:22,7,1,3
BRF:16
BRH:16
end_of_record
